Performing C SOURCE FILE Test CMAKE_HAVE_LIBC_PTHREAD failed with the following output:
Change Dir: /home/martin/dev/sennet-zed/build/CMakeFiles/CMakeTmp

Run Build Command(s):/usr/bin/make cmTC_1623f/fast && make[1]: Entering directory '/home/martin/dev/sennet-zed/build/CMakeFiles/CMakeTmp'
/usr/bin/make  -f CMakeFiles/cmTC_1623f.dir/build.make CMakeFiles/cmTC_1623f.dir/build
make[2]: Entering directory '/home/martin/dev/sennet-zed/build/CMakeFiles/CMakeTmp'
Building C object CMakeFiles/cmTC_1623f.dir/src.c.o
/usr/bin/cc   -DCMAKE_HAVE_LIBC_PTHREAD   -o CMakeFiles/cmTC_1623f.dir/src.c.o   -c /home/martin/dev/sennet-zed/build/CMakeFiles/CMakeTmp/src.c
Linking C executable cmTC_1623f
/usr/local/bin/cmake -E cmake_link_script CMakeFiles/cmTC_1623f.dir/link.txt --verbose=1
/usr/bin/cc  -DCMAKE_HAVE_LIBC_PTHREAD    CMakeFiles/cmTC_1623f.dir/src.c.o  -o cmTC_1623f 
CMakeFiles/cmTC_1623f.dir/src.c.o: In function `main':
src.c:(.text+0x3c): undefined reference to `pthread_create'
src.c:(.text+0x48): undefined reference to `pthread_detach'
src.c:(.text+0x54): undefined reference to `pthread_cancel'
src.c:(.text+0x65): undefined reference to `pthread_join'
src.c:(.text+0x79): undefined reference to `pthread_atfork'
collect2: error: ld returned 1 exit status
CMakeFiles/cmTC_1623f.dir/build.make:106: recipe for target 'cmTC_1623f' failed
make[2]: *** [cmTC_1623f] Error 1
make[2]: Leaving directory '/home/martin/dev/sennet-zed/build/CMakeFiles/CMakeTmp'
Makefile:141: recipe for target 'cmTC_1623f/fast' failed
make[1]: *** [cmTC_1623f/fast] Error 2
make[1]: Leaving directory '/home/martin/dev/sennet-zed/build/CMakeFiles/CMakeTmp'


Source file was:
#include <pthread.h>

void* test_func(void* data)
{
  return data;
}

int main(void)
{
  pthread_t thread;
  pthread_create(&thread, NULL, test_func, NULL);
  pthread_detach(thread);
  pthread_cancel(thread);
  pthread_join(thread, NULL);
  pthread_atfork(NULL, NULL, NULL);
  pthread_exit(NULL);

  return 0;
}

Determining if the function pthread_create exists in the pthreads failed with the following output:
Change Dir: /home/martin/dev/sennet-zed/build/CMakeFiles/CMakeTmp

Run Build Command(s):/usr/bin/make cmTC_e1ac9/fast && make[1]: Entering directory '/home/martin/dev/sennet-zed/build/CMakeFiles/CMakeTmp'
/usr/bin/make  -f CMakeFiles/cmTC_e1ac9.dir/build.make CMakeFiles/cmTC_e1ac9.dir/build
make[2]: Entering directory '/home/martin/dev/sennet-zed/build/CMakeFiles/CMakeTmp'
Building C object CMakeFiles/cmTC_e1ac9.dir/CheckFunctionExists.c.o
/usr/bin/cc   -DCHECK_FUNCTION_EXISTS=pthread_create   -o CMakeFiles/cmTC_e1ac9.dir/CheckFunctionExists.c.o   -c /usr/local/share/cmake-3.17/Modules/CheckFunctionExists.c
Linking C executable cmTC_e1ac9
/usr/local/bin/cmake -E cmake_link_script CMakeFiles/cmTC_e1ac9.dir/link.txt --verbose=1
/usr/bin/cc  -DCHECK_FUNCTION_EXISTS=pthread_create    CMakeFiles/cmTC_e1ac9.dir/CheckFunctionExists.c.o  -o cmTC_e1ac9  -lpthreads 
/usr/bin/ld: cannot find -lpthreads
collect2: error: ld returned 1 exit status
CMakeFiles/cmTC_e1ac9.dir/build.make:106: recipe for target 'cmTC_e1ac9' failed
make[2]: *** [cmTC_e1ac9] Error 1
make[2]: Leaving directory '/home/martin/dev/sennet-zed/build/CMakeFiles/CMakeTmp'
Makefile:141: recipe for target 'cmTC_e1ac9/fast' failed
make[1]: *** [cmTC_e1ac9/fast] Error 2
make[1]: Leaving directory '/home/martin/dev/sennet-zed/build/CMakeFiles/CMakeTmp'



Determining if the function sgemm_ exists failed with the following output:
Change Dir: /home/martin/dev/sennet-zed/build/CMakeFiles/CMakeTmp

Run Build Command(s):/usr/bin/make cmTC_61d05/fast && /usr/bin/make  -f CMakeFiles/cmTC_61d05.dir/build.make CMakeFiles/cmTC_61d05.dir/build
make[1]: Entering directory '/home/martin/dev/sennet-zed/build/CMakeFiles/CMakeTmp'
Building C object CMakeFiles/cmTC_61d05.dir/CheckFunctionExists.c.o
/usr/bin/cc   -DCHECK_FUNCTION_EXISTS=sgemm_   -o CMakeFiles/cmTC_61d05.dir/CheckFunctionExists.c.o   -c /usr/local/share/cmake-3.17/Modules/CheckFunctionExists.c
Linking C executable cmTC_61d05
/usr/local/bin/cmake -E cmake_link_script CMakeFiles/cmTC_61d05.dir/link.txt --verbose=1
/usr/bin/cc  -DCHECK_FUNCTION_EXISTS=sgemm_    CMakeFiles/cmTC_61d05.dir/CheckFunctionExists.c.o  -o cmTC_61d05 
CMakeFiles/cmTC_61d05.dir/CheckFunctionExists.c.o: In function `main':
CheckFunctionExists.c:(.text+0x10): undefined reference to `sgemm_'
collect2: error: ld returned 1 exit status
CMakeFiles/cmTC_61d05.dir/build.make:106: recipe for target 'cmTC_61d05' failed
make[1]: *** [cmTC_61d05] Error 1
make[1]: Leaving directory '/home/martin/dev/sennet-zed/build/CMakeFiles/CMakeTmp'
Makefile:141: recipe for target 'cmTC_61d05/fast' failed
make: *** [cmTC_61d05/fast] Error 2



